<?xml version="1.0" encoding="UTF-8"?>
<testng-results ignored="0" total="1" passed="1" failed="0" skipped="0">
  <reporter-output>
  </reporter-output>
  <suite started-at="2024-01-02T15:23:37 IST" name="Default suite" finished-at="2024-01-02T15:23:41 IST" duration-ms="3853">
    <groups>
    </groups>
    <test started-at="2024-01-02T15:23:37 IST" name="Default test" finished-at="2024-01-02T15:23:41 IST" duration-ms="3853">
      <class name="Demofor_qacicd.TestClass">
        <test-method is-config="true" signature="initializingReports()[pri:0, instance:Demofor_qacicd.TestClass@503d687a]" started-at="2024-01-02T15:23:37 IST" name="initializingReports" finished-at="2024-01-02T15:23:38 IST" duration-ms="262" status="PASS">
          <reporter-output>
          </reporter-output>
        </test-method> <!-- initializingReports -->
        <test-method is-config="true" signature="inintializingTest(org.testng.ITestResult)[pri:0, instance:Demofor_qacicd.TestClass@503d687a]" started-at="2024-01-02T15:23:38 IST" name="inintializingTest" finished-at="2024-01-02T15:23:38 IST" duration-ms="4" status="PASS">
          <params>
            <param index="0">
              <value>
                <![CDATA[[TestResult name={null} status=CREATED method=TestClass.verifyTitle()[pri:0, instance:Demofor_qacicd.TestClass@503d687a] output={null}]]]>
              </value>
            </param>
          </params>
          <reporter-output>
          </reporter-output>
        </test-method> <!-- inintializingTest -->
        <test-method signature="verifyTitle()[pri:0, instance:Demofor_qacicd.TestClass@503d687a]" started-at="2024-01-02T15:23:38 IST" name="verifyTitle" finished-at="2024-01-02T15:23:41 IST" duration-ms="3332" status="PASS">
          <reporter-output>
          </reporter-output>
        </test-method> <!-- verifyTitle -->
        <test-method is-config="true" signature="aftermethod(org.testng.ITestResult)[pri:0, instance:Demofor_qacicd.TestClass@503d687a]" started-at="2024-01-02T15:23:41 IST" name="aftermethod" finished-at="2024-01-02T15:23:41 IST" duration-ms="0" status="PASS">
          <params>
            <param index="0">
              <value>
                <![CDATA[[TestResult name=verifyTitle status=SUCCESS method=TestClass.verifyTitle()[pri:0, instance:Demofor_qacicd.TestClass@503d687a] output={null}]]]>
              </value>
            </param>
          </params>
          <reporter-output>
          </reporter-output>
        </test-method> <!-- aftermethod -->
        <test-method is-config="true" signature="flushTheReport()[pri:0, instance:Demofor_qacicd.TestClass@503d687a]" started-at="2024-01-02T15:23:41 IST" name="flushTheReport" finished-at="2024-01-02T15:23:41 IST" duration-ms="228" status="PASS">
          <reporter-output>
          </reporter-output>
        </test-method> <!-- flushTheReport -->
      </class> <!-- Demofor_qacicd.TestClass -->
    </test> <!-- Default test -->
  </suite> <!-- Default suite -->
</testng-results>
